---
title: Error happened while installing psycopg2 package within poetry virtual environment
image: https://www.tabnine.com/academy/wp-content/uploads/2020/10/academy_1.png
description: Error happened while installing psycopg2 package through poetry
---

import Callout from 'nextra-theme-docs/callout'
import Bleed from 'nextra-theme-docs/bleed'
import { SiJavascript, SiPython } from 'react-icons/si'

# `psycopg2` package installation error

## What I tried

I created virtual environment with poetry, and tried to install <a href="https://pypi.org/project/psycopg2/" target="_blank">psycopg2</a> package for connecting my Django project with PostgreSQL.

<br/>

## What happened

Suddenly my console spit out a number of lines of errors.

```bash
> poetry add psycopg2
Using version ^2.9.3 for psycopg2

Updating dependencies
Resolving dependencies... (0.1s)

Package operations: 2 installs, 0 updates, 0 removals

  ‚Ä¢ Installing django-dotenv (1.4.2)
  ‚Ä¢ Installing psycopg2 (2.9.3): Failed

  CalledProcessError

  Command '['/Users/apensia/Library/Caches/pypoetry/virtualenvs/letsh-admin-zfYQThb9-py3.10/bin/python', '/Users/apensia/.local/pipx/venvs/poetry/lib/python3.10/site-packages/virtualenv/seed/wheels/embed/pip-22.2.2-py3-none-any.whl/pip', 'install', '--use-pep517', '--disable-pip-version-check', '--prefix', '/Users/apensia/Library/Caches/pypoetry/virtualenvs/letsh-admin-zfYQThb9-py3.10', '--no-deps', '/Users/apensia/Library/Caches/pypoetry/artifacts/53/f4/10/6c4fbf8671cd3e90cb0e036883b7aa9e49359e40fa11a699ffb31b2f2e/psycopg2-2.9.3.tar.gz']' returned non-zero exit status 1.

  at /opt/homebrew/Cellar/python@3.10/3.10.6_2/Frameworks/Python.framework/Versions/3.10/lib/python3.10/subprocess.py:524 in run
       520‚îÇ             # We don't call process.wait() as .__exit__ does that for us.
       521‚îÇ             raise
       522‚îÇ         retcode = process.poll()
       523‚îÇ         if check and retcode:
    ‚Üí  524‚îÇ             raise CalledProcessError(retcode, process.args,
       525‚îÇ                                      output=stdout, stderr=stderr)
       526‚îÇ     return CompletedProcess(process.args, retcode, stdout, stderr)
       527‚îÇ
       528‚îÇ

The following error occurred when trying to handle this error:


  EnvCommandError

  Command ['/Users/apensia/Library/Caches/pypoetry/virtualenvs/letsh-admin-zfYQThb9-py3.10/bin/python', '/Users/apensia/.local/pipx/venvs/poetry/lib/python3.10/site-packages/virtualenv/seed/wheels/embed/pip-22.2.2-py3-none-any.whl/pip', 'install', '--use-pep517', '--disable-pip-version-check', '--prefix', '/Users/apensia/Library/Caches/pypoetry/virtualenvs/letsh-admin-zfYQThb9-py3.10', '--no-deps', '/Users/apensia/Library/Caches/pypoetry/artifacts/53/f4/10/6c4fbf8671cd3e90cb0e036883b7aa9e49359e40fa11a699ffb31b2f2e/psycopg2-2.9.3.tar.gz'] errored with the following return code 1, and output:
  Processing /Users/apensia/Library/Caches/pypoetry/artifacts/53/f4/10/6c4fbf8671cd3e90cb0e036883b7aa9e49359e40fa11a699ffb31b2f2e/psycopg2-2.9.3.tar.gz
    Installing build dependencies: started
    Installing build dependencies: finished with status 'done'
    Getting requirements to build wheel: started
    Getting requirements to build wheel: finished with status 'done'
    Preparing metadata (pyproject.toml): started
    Preparing metadata (pyproject.toml): finished with status 'done'
  Building wheels for collected packages: psycopg2
    Building wheel for psycopg2 (pyproject.toml): started
    Building wheel for psycopg2 (pyproject.toml): finished with status 'error'
    error: subprocess-exited-with-error

    √ó Building wheel for psycopg2 (pyproject.toml) did not run successfully.
    ‚îÇ exit code: 1
    ‚ï∞‚îÄ> [77 lines of output]
        /private/var/folders/z_/h7g82ltn4px_w4m6d997tyqc0000gn/T/pip-build-env-jhthind1/overlay/lib/python3.10/site-packages/setuptools/config/setupcfg.py:508: SetuptoolsDeprecationWarning: The license_file parameter is deprecated, use license_files instead.
          warnings.warn(msg, warning_class)
        running bdist_wheel
        running build
        running build_py
        creating build
        creating build/lib.macosx-12-arm64-cpython-310
        creating build/lib.macosx-12-arm64-cpython-310/psycopg2
        copying lib/_json.py -> build/lib.macosx-12-arm64-cpython-310/psycopg2
        copying lib/extras.py -> build/lib.macosx-12-arm64-cpython-310/psycopg2
        copying lib/errorcodes.py -> build/lib.macosx-12-arm64-cpython-310/psycopg2
        copying lib/tz.py -> build/lib.macosx-12-arm64-cpython-310/psycopg2
        copying lib/_range.py -> build/lib.macosx-12-arm64-cpython-310/psycopg2
        copying lib/_ipaddress.py -> build/lib.macosx-12-arm64-cpython-310/psycopg2
        copying lib/__init__.py -> build/lib.macosx-12-arm64-cpython-310/psycopg2
        copying lib/extensions.py -> build/lib.macosx-12-arm64-cpython-310/psycopg2
        copying lib/errors.py -> build/lib.macosx-12-arm64-cpython-310/psycopg2
        copying lib/sql.py -> build/lib.macosx-12-arm64-cpython-310/psycopg2
        copying lib/pool.py -> build/lib.macosx-12-arm64-cpython-310/psycopg2
        running build_ext
        building 'psycopg2._psycopg' extension
        creating build/temp.macosx-12-arm64-cpython-310
        creating build/temp.macosx-12-arm64-cpython-310/psycopg
        clang -Wno-unused-result -Wsign-compare -Wunreachable-code -fno-common -dynamic -DNDEBUG -g -fwrapv -O3 -Wall -isysroot /Library/Developer/CommandLineTools/SDKs/MacOSX12.sdk "-DPSYCOPG_VERSION=2.9.3 (dt dec pq3 ext lo64)" -DPSYCOPG_DEBUG=1 -DPG_VERSION_NUM=140005 -DHAVE_LO64=1 -DPSYCOPG_DEBUG=1 -I/Users/apensia/Library/Caches/pypoetry/virtualenvs/letsh-admin-zfYQThb9-py3.10/include -I/opt/homebrew/opt/python@3.10/Frameworks/Python.framework/Versions/3.10/include/python3.10 -I. -I/opt/homebrew/include/postgresql@14 -I/opt/homebrew/include/postgresql@14/server -I/opt/homebrew/Cellar/icu4c/70.1/include -I/opt/homebrew/opt/openssl@1.1/include -I/opt/homebrew/opt/readline/include -I/opt/homebrew/Cellar/lz4/1.9.4/include -c psycopg/adapter_asis.c -o build/temp.macosx-12-arm64-cpython-310/psycopg/adapter_asis.o
        2022-09-16 15:33:49.770 xcodebuild[1607:18240] [MT] DVTPlugInLoading: Failed to load code for plug-in com.apple.dt.IDESimulatorAvailability (/Applications/Xcode.app/Contents/PlugIns/IDESimulatorAvailability.ideplugin), error = Error Domain=NSCocoaErrorDomain Code=3588 "dlopen(/Applications/Xcode.app/Contents/PlugIns/IDESimulatorAvailability.ideplugin/Contents/MacOS/IDESimulatorAvailability, 0x0109): Symbol not found: (_OBJC_CLASS_$_SimDiskImage)
          Referenced from: '/Applications/Xcode.app/Contents/PlugIns/IDESimulatorAvailability.ideplugin/Contents/MacOS/IDESimulatorAvailability'
          Expected in: '/Library/Developer/PrivateFrameworks/CoreSimulator.framework/Versions/A/CoreSimulator'" UserInfo={NSLocalizedFailureReason=The bundle couldn‚Äôt be loaded., NSLocalizedRecoverySuggestion=Try reinstalling the bundle., NSFilePath=/Applications/Xcode.app/Contents/PlugIns/IDESimulatorAvailability.ideplugin/Contents/MacOS/IDESimulatorAvailability, NSDebugDescription=dlopen(/Applications/Xcode.app/Contents/PlugIns/IDESimulatorAvailability.ideplugin/Contents/MacOS/IDESimulatorAvailability, 0x0109): Symbol not found: (_OBJC_CLASS_$_SimDiskImage)
          Referenced from: '/Applications/Xcode.app/Contents/PlugIns/IDESimulatorAvailability.ideplugin/Contents/MacOS/IDESimulatorAvailability'
          Expected in: '/Library/Developer/PrivateFrameworks/CoreSimulator.framework/Versions/A/CoreSimulator', NSBundlePath=/Applications/Xcode.app/Contents/PlugIns/IDESimulatorAvailability.ideplugin, NSLocalizedDescription=The bundle ‚ÄúIDESimulatorAvailability‚Äù couldn‚Äôt be loaded.}, dyldError = dlopen(/Applications/Xcode.app/Contents/PlugIns/IDESimulatorAvailability.ideplugin/Contents/MacOS/IDESimulatorAvailability, 0x0000): Symbol not found: (_OBJC_CLASS_$_SimDiskImage)
          Referenced from: '/Applications/Xcode.app/Contents/PlugIns/IDESimulatorAvailability.ideplugin/Contents/MacOS/IDESimulatorAvailability'
          Expected in: '/Library/Developer/PrivateFrameworks/CoreSimulator.framework/Versions/A/CoreSimulator'
        2022-09-16 15:33:49.792 xcodebuild[1607:18240] [MT] DVTAssertions: ASSERTION FAILURE in /System/Volumes/Data/SWE/Apps/DT/BuildRoots/BuildRoot2/ActiveBuildRoot/Library/Caches/com.apple.xbs/Sources/DVTFrameworks/DVTFrameworks-21303/DVTFoundation/PlugInArchitecture/DataModel/DVTPlugIn.m:374
        Details:  Failed to load code for plug-in com.apple.dt.IDESimulatorAvailability (/Applications/Xcode.app/Contents/PlugIns/IDESimulatorAvailability.ideplugin)
        Please ensure Xcode packages are up-to-date ‚Äî try running 'xcodebuild -runFirstLaunch'.

        NSBundle error: Error Domain=NSCocoaErrorDomain Code=3588 "dlopen(/Applications/Xcode.app/Contents/PlugIns/IDESimulatorAvailability.ideplugin/Contents/MacOS/IDESimulatorAvailability, 0x0109): Symbol not found: (_OBJC_CLASS_$_SimDiskImage)
          Referenced from: '/Applications/Xcode.app/Contents/PlugIns/IDESimulatorAvailability.ideplugin/Contents/MacOS/IDESimulatorAvailability'
          Expected in: '/Library/Developer/PrivateFrameworks/CoreSimulator.framework/Versions/A/CoreSimulator'" UserInfo={NSLocalizedFailureReason=The bundle couldn‚Äôt be loaded., NSLocalizedRecoverySuggestion=Try reinstalling the bundle., NSFilePath=/Applications/Xcode.app/Contents/PlugIns/IDESimulatorAvailability.ideplugin/Contents/MacOS/IDESimulatorAvailability, NSDebugDescription=dlopen(/Applications/Xcode.app/Contents/PlugIns/IDESimulatorAvailability.ideplugin/Contents/MacOS/IDESimulatorAvailability, 0x0109): Symbol not found: (_OBJC_CLASS_$_SimDiskImage)
          Referenced from: '/Applications/Xcode.app/Contents/PlugIns/IDESimulatorAvailability.ideplugin/Contents/MacOS/IDESimulatorAvailability'
          Expected in: '/Library/Developer/PrivateFrameworks/CoreSimulator.framework/Versions/A/CoreSimulator', NSBundlePath=/Applications/Xcode.app/Contents/PlugIns/IDESimulatorAvailability.ideplugin, NSLocalizedDescription=The bundle ‚ÄúIDESimulatorAvailability‚Äù couldn‚Äôt be loaded.}
        Object:   <DVTPlugIn: 0x10d35bee0>
        Method:   -loadAssertingOnError:error:
        Thread:   <_NSMainThread: 0x13360c9b0>{number = 1, name = main}
        Hints:

        Backtrace:
          0  0x0000000102939410
          1  0x0000000102938aec
          2  0x0000000102938c6c
          3  0x00000001027e72ac
          4  0x00000001027ad118
          5  0x00000001027ab528
          6  0x00000001862941b4
          7  0x00000001862a3414
          8  0x000000010297d58c
          9  0x00000001029594b0
         10  0x00000001027ab3c0
         11  0x00000001027ab5e0
         12  0x000000010386f2ec
         13  0x000000010386eae0
         14  0x000000010386e1e8
         15  0x0000000101050324
         16  0x0000000101001e0c
        sh: line 1:  1609 Abort trap: 6           /Applications/Xcode.app/Contents/Developer/usr/bin/xcodebuild -sdk /Applications/Xcode.app/Contents/Developer/Platforms/MacOSX.platform/Developer/SDKs/MacOSX.sdk -find clang 2> /dev/null
        clang: error: sh -c '/Applications/Xcode.app/Contents/Developer/usr/bin/xcodebuild -sdk /Applications/Xcode.app/Contents/Developer/Platforms/MacOSX.platform/Developer/SDKs/MacOSX.sdk -find clang 2> /dev/null' failed with exit code 34304: (null) (errno=Invalid argument)
        xcode-select: Failed to locate 'clang', requesting installation of command line developer tools.

        It appears you are missing some prerequisite to build the package from source.

        You may install a binary package by installing 'psycopg2-binary' from PyPI.
        If you want to install psycopg2 from source, please install the packages
        required for the build and try again.

        For further information please check the 'doc/src/install.rst' file (also at
        <https://www.psycopg.org/docs/install.html>).

        error: command '/usr/bin/clang' failed with exit code 72
        [end of output]

    note: This error originates from a subprocess, and is likely not a problem with pip.
    ERROR: Failed building wheel for psycopg2
  Failed to build psycopg2
  ERROR: Could not build wheels for psycopg2, which is required to install pyproject.toml-based projects


  at ~/.local/pipx/venvs/poetry/lib/python3.10/site-packages/poetry/utils/env.py:1473 in _run
      1469‚îÇ                 output = subprocess.check_output(
      1470‚îÇ                     command, stderr=subprocess.STDOUT, env=env, **kwargs
      1471‚îÇ                 )
      1472‚îÇ         except CalledProcessError as e:
    ‚Üí 1473‚îÇ             raise EnvCommandError(e, input=input_)
      1474‚îÇ
      1475‚îÇ         return decode(output)
      1476‚îÇ
      1477‚îÇ     def execute(self, bin: str, *args: str, **kwargs: Any) -> int:

The following error occurred when trying to handle this error:


  PoetryException

  Failed to install /Users/apensia/Library/Caches/pypoetry/artifacts/53/f4/10/6c4fbf8671cd3e90cb0e036883b7aa9e49359e40fa11a699ffb31b2f2e/psycopg2-2.9.3.tar.gz

  at ~/.local/pipx/venvs/poetry/lib/python3.10/site-packages/poetry/utils/pip.py:51 in pip_install
       47‚îÇ
       48‚îÇ     try:
       49‚îÇ         return environment.run_pip(*args)
       50‚îÇ     except EnvCommandError as e:
    ‚Üí  51‚îÇ         raise PoetryException(f"Failed to install {path.as_posix()}") from e
       52‚îÇ
```

<br/>

## Analysis

The core part seemed to be Clang, which is one of the macOS's Command Line Tools Packages.
Command Line Tools Package is the small package that can be downloaded separately from Xcode that allows us to do development with command line.[^1]

`xcode-select: Failed to locate 'clang', requesting installation of command line developer tools.`

## Solutions

I analyzed the problem into two ways:

1. It may not work in M1 chip &rarr; Let's use substitute!
2. Problem in Command Line Developer Tools

<br/>

### Attempt1 &rarr; üòì Fail

I followed console's hint: using <a href="https://pypi.org/project/psycopg2-binary/" target="_blank">psycopg2-binary</a> package.

But still I got same error as above. So I realized that this has nothing to do with M1 chip or whatsoever.

<br/>

### Attempt2 &rarr; üòä Success

I found one <a href="https://apple.stackexchange.com/questions/415563/repeatedly-being-asked-to-install-command-line-tools/446563#446563" target="_blank">result</a> on Stack Overflow and could solve the problem with the following command.

`sudo xcode-select -switch /Library/Developer/CommandLineTools`

And I could find another thing <a href="https://apple.stackexchange.com/a/446624" target="_blank">at the very below reply</a> that there has been issue in downloading XCode CLI tools 14.0 after updating M1 chip's Monterey 12.6 version.
This macOS updates always make me tired...

~~Then how could I have been able to install other packages such as Django and Pillow?~~

<br/>

## References

[^1]:
    <a href="https://developer.apple.com/library/archive/technotes/tn2339/_index.html" target="_blank">What is the Command Line Tools Package?</a>
